8.740000000000000546e-02
-9.307999999999999607e-01
2.712999999999999856e-01
5.927999999999999936e-01
5.140000000000000124e-02
-9.675000000000000266e-01
-9.973999999999999533e-01
2.639000000000000234e-01
-3.209999999999999659e-02
5.120000000000000107e-01
-9.596000000000000085e-01
7.814999999999999725e-01
-1.915000000000000036e-01
-5.803000000000000380e-01
-3.257999999999999785e-01
-9.512000000000000455e-01
9.213999999999999968e-01
-9.283000000000000140e-01
-1.408000000000000085e-01
1.600000000000000033e-01
-3.489999999999999769e-01
9.677999999999999936e-01
