-1.042376443015182952e+00
6.491513113446387706e+00
-1.159056851856003156e+01
-9.796750926894238987e+00
9.354433907217659439e+00
4.626165485074329453e+00
4.442965184924929645e+00
-1.192735588405193603e+01
-6.005601836186492015e+00
-5.761239009719379744e+00
-6.417385789756372638e+00
1.029788945320016325e+01
-2.430584655622975709e-01
1.049200312314513051e+00
4.742830778021534854e+00
-4.749279175337543180e+00
-1.388510380560785240e+00
-1.156994806281200217e-01
-4.543103366206688420e+00
1.674925234282172770e+00
-1.273309442140830416e+00
4.739688093437195882e+00
